TN:
SF:app.js
FN:16,(anonymous_0)
FNF:1
FNH:0
FNDA:0,(anonymous_0)
DA:4,3
DA:5,3
DA:7,3
DA:8,3
DA:9,3
DA:11,3
DA:13,3
DA:14,3
DA:16,3
DA:17,0
DA:20,3
DA:21,3
DA:22,3
DA:24,3
LF:14
LH:13
BRF:0
BRH:0
end_of_record
TN:
SF:middlewares/authMiddleware.js
FN:5,(anonymous_0)
FNF:1
FNH:1
FNDA:37,(anonymous_0)
DA:3,4
DA:5,4
DA:7,37
DA:8,37
DA:12,37
DA:13,9
DA:17,28
DA:18,28
DA:19,1
DA:20,1
DA:23,27
DA:24,27
DA:26,24
DA:30,24
DA:32,3
DA:33,3
DA:37,4
LF:17
LH:17
BRDA:8,0,0,29
BRDA:8,0,1,8
BRDA:8,1,0,37
BRDA:8,1,1,30
BRDA:8,1,2,30
BRDA:12,2,0,9
BRDA:12,2,1,28
BRDA:18,3,0,1
BRDA:18,3,1,27
BRF:9
BRH:9
end_of_record
TN:
SF:models/Guideline.js
FNF:0
FNH:0
DA:3,3
DA:5,3
DA:25,3
LF:3
LH:3
BRF:0
BRH:0
end_of_record
TN:
SF:models/UsageLog.js
FNF:0
FNH:0
DA:3,3
DA:6,3
DA:14,3
DA:36,3
LF:4
LH:4
BRF:0
BRH:0
end_of_record
TN:
SF:models/User.js
FN:20,(anonymous_0)
FN:32,(anonymous_1)
FNF:2
FNH:0
FNDA:0,(anonymous_0)
FNDA:0,(anonymous_1)
DA:3,3
DA:4,3
DA:6,3
DA:20,3
DA:22,0
DA:23,0
DA:27,0
DA:28,0
DA:32,3
DA:33,0
DA:36,3
LF:11
LH:6
BRDA:22,0,0,0
BRDA:22,0,1,0
BRF:2
BRH:0
end_of_record
TN:
SF:routes/authRoutes.js
FN:11,(anonymous_0)
FN:22,(anonymous_1)
FN:52,(anonymous_2)
FN:65,(anonymous_3)
FNF:4
FNH:4
FNDA:4,(anonymous_0)
FNDA:8,(anonymous_1)
FNDA:1,(anonymous_2)
FNDA:10,(anonymous_3)
DA:3,3
DA:4,3
DA:5,3
DA:7,3
DA:11,3
DA:12,4
DA:22,3
DA:23,8
DA:24,8
DA:26,8
DA:27,3
DA:30,5
DA:31,5
DA:32,1
DA:36,4
DA:38,2
DA:40,2
DA:51,2
DA:52,1
DA:53,1
DA:56,1
DA:57,1
DA:65,3
DA:66,10
DA:67,10
DA:69,10
DA:70,3
DA:73,7
DA:77,6
DA:78,2
DA:82,4
DA:83,4
DA:84,2
DA:87,2
DA:89,2
DA:100,1
DA:101,1
DA:105,3
LF:38
LH:38
BRDA:14,0,0,4
BRDA:14,0,1,0
BRDA:26,1,0,3
BRDA:26,1,1,5
BRDA:26,2,0,8
BRDA:26,2,1,6
BRDA:31,3,0,1
BRDA:31,3,1,4
BRDA:51,4,0,1
BRDA:51,4,1,1
BRDA:69,5,0,3
BRDA:69,5,1,7
BRDA:69,6,0,10
BRDA:69,6,1,8
BRDA:77,7,0,2
BRDA:77,7,1,4
BRDA:83,8,0,2
BRDA:83,8,1,2
BRF:18
BRH:17
end_of_record
TN:
SF:routes/guidelineRoutes.js
FN:10,(anonymous_0)
FNF:1
FNH:1
FNDA:7,(anonymous_0)
DA:3,3
DA:4,3
DA:5,3
DA:10,3
DA:11,7
DA:14,7
DA:17,6
DA:19,1
DA:20,1
DA:24,3
LF:10
LH:10
BRF:0
BRH:0
end_of_record
TN:
SF:routes/logRoutes.js
FN:17,(anonymous_0)
FN:19,(anonymous_1)
FN:42,(anonymous_2)
FN:80,(anonymous_3)
FN:93,(anonymous_4)
FNF:5
FNH:5
FNDA:6,(anonymous_0)
FNDA:5,(anonymous_1)
FNDA:8,(anonymous_2)
FNDA:4,(anonymous_3)
FNDA:5,(anonymous_4)
DA:3,3
DA:4,3
DA:5,3
DA:6,3
DA:7,3
DA:13,3
DA:14,3
DA:17,6
DA:19,3
DA:20,5
DA:21,5
DA:23,5
DA:25,4
DA:32,3
DA:34,1
DA:35,1
DA:42,3
DA:43,8
DA:44,8
DA:45,8
DA:48,8
DA:49,1
DA:52,7
DA:54,6
DA:55,1
DA:57,5
DA:58,1
DA:62,4
DA:63,3
DA:65,2
DA:66,2
DA:67,2
DA:69,2
DA:70,2
DA:72,1
DA:73,1
DA:80,3
DA:81,4
DA:82,4
DA:83,3
DA:85,1
DA:86,1
DA:93,3
DA:94,5
DA:95,5
DA:96,5
DA:97,1
DA:100,4
DA:101,3
DA:102,1
DA:104,1
DA:105,1
DA:109,3
LF:53
LH:53
BRDA:23,0,0,1
BRDA:23,0,1,4
BRDA:27,1,0,4
BRDA:27,1,1,1
BRDA:48,2,0,1
BRDA:48,2,1,7
BRDA:52,3,0,1
BRDA:52,3,1,6
BRDA:54,4,0,1
BRDA:54,4,1,5
BRDA:54,5,0,6
BRDA:54,5,1,6
BRDA:57,6,0,1
BRDA:57,6,1,4
BRDA:57,7,0,5
BRDA:57,7,1,2
BRDA:57,7,2,2
BRDA:63,8,0,1
BRDA:63,8,1,2
BRDA:96,9,0,1
BRDA:96,9,1,4
BRDA:101,10,0,2
BRDA:101,10,1,1
BRF:23
BRH:23
end_of_record
